2015/11/24 23:46:08 [error] [array
(
    0 => '09'
    1 => 'Nov'
    2 => '2015 '
    3 => ' 24'
    4 => 'Nov'
    5 => '2015'
)] Landa Var Dump
in /var/www/amarta/common/globals.php (6)
in /var/www/amarta/common/controllers/SalaryOutController.php (62)
in /var/www/amarta/index.php (13)
2015/11/24 23:47:01 [error] [array
(
    0 => '10 Nov 2015 '
    1 => ' 24 Nov 2015'
)] Landa Var Dump
in /var/www/amarta/common/globals.php (6)
in /var/www/amarta/common/controllers/SalaryOutController.php (62)
in /var/www/amarta/index.php (13)
2015/11/24 23:47:10 [error] [array
(
    0 => '10 Nov 2015 '
    1 => ' 27 Nov 2015'
)] Landa Var Dump
in /var/www/amarta/common/globals.php (6)
in /var/www/amarta/common/controllers/SalaryOutController.php (62)
in /var/www/amarta/index.php (13)
2015/11/24 23:47:18 [error] [array
(
    0 => '24 Nov 2015 '
    1 => ' 24 Nov 2015'
)] Landa Var Dump
in /var/www/amarta/common/globals.php (6)
in /var/www/amarta/common/controllers/SalaryOutController.php (62)
in /var/www/amarta/index.php (13)
2015/11/24 23:47:22 [error] [array
(
    0 => '25 Nov 2015 '
    1 => ' 26 Nov 2015'
)] Landa Var Dump
in /var/www/amarta/common/globals.php (6)
in /var/www/amarta/common/controllers/SalaryOutController.php (62)
in /var/www/amarta/index.php (13)
2015/11/24 23:47:26 [error] [array
(
    0 => '24 Nov 2015 '
    1 => ' 26 Nov 2015'
)] Landa Var Dump
in /var/www/amarta/common/globals.php (6)
in /var/www/amarta/common/controllers/SalaryOutController.php (62)
in /var/www/amarta/index.php (13)
2015/11/24 23:47:32 [error] [array
(
    0 => '23 Nov 2015 '
    1 => ' 24 Nov 2015'
)] Landa Var Dump
in /var/www/amarta/common/globals.php (6)
in /var/www/amarta/common/controllers/SalaryOutController.php (62)
in /var/www/amarta/index.php (13)
2015/11/24 23:47:36 [error] [array
(
    0 => '23 Nov 2015 '
    1 => ' 23 Nov 2015'
)] Landa Var Dump
in /var/www/amarta/common/globals.php (6)
in /var/www/amarta/common/controllers/SalaryOutController.php (62)
in /var/www/amarta/index.php (13)
2015/11/24 23:48:31 [error] [array
(
    0 => '24 Nov 2015'
    1 => '24 Nov 2015'
)] Landa Var Dump
in /var/www/amarta/common/globals.php (6)
in /var/www/amarta/common/controllers/SalaryOutController.php (62)
in /var/www/amarta/index.php (13)
2015/11/25 12:02:24 [error] [exception.CDbException] exception 'CDbException' with message 'Relation "Customer" is not defined in active record class "SellOrderDet".' in /var/www/amarta/common/lib/yii/db/ar/CActiveFinder.php:226
Stack trace:
#0 /var/www/amarta/common/lib/yii/db/ar/CActiveFinder.php(296): CActiveFinder->buildJoinTree(Object(CJoinElement), 'Customer')
#1 /var/www/amarta/common/lib/yii/db/ar/CActiveFinder.php(48): CActiveFinder->buildJoinTree(Object(CJoinElement), Array)
#2 /var/www/amarta/common/lib/yii/db/ar/CActiveRecord.php(909): CActiveFinder->__construct(Object(SellOrderDet), Array)
#3 /var/www/amarta/common/lib/yii/db/ar/CActiveRecord.php(1355): CActiveRecord->getActiveFinder(Array)
#4 /var/www/amarta/common/lib/yii/db/ar/CActiveRecord.php(1470): CActiveRecord->query(Object(CDbCriteria), true)
#5 /var/www/amarta/common/views/workorder/_form.php(36): CActiveRecord->findAll(Array)
#6 /var/www/amarta/common/lib/yii/web/CBaseController.php(126): require('/var/www/amarta...')
#7 /var/www/amarta/common/extensions/yii-debug-toolbar/YiiDebugViewRenderer.php(40): CBaseController->renderInternal('/var/www/amarta...', Array, true)
#8 /var/www/amarta/common/lib/yii/web/CBaseController.php(93): YiiDebugViewRenderer->renderFile(Object(WorkorderController), '/var/www/amarta...', Array, true)
#9 /var/www/amarta/common/lib/yii/web/CController.php(869): CBaseController->renderFile('/var/www/amarta...', Array, true)
#10 /var/www/amarta/common/views/workorder/create.php(25): CController->renderPartial('_form', Array)
#11 /var/www/amarta/common/lib/yii/web/CBaseController.php(126): require('/var/www/amarta...')
#12 /var/www/amarta/common/extensions/yii-debug-toolbar/YiiDebugViewRenderer.php(40): CBaseController->renderInternal('/var/www/amarta...', Array, true)
#13 /var/www/amarta/common/lib/yii/web/CBaseController.php(93): YiiDebugViewRenderer->renderFile(Object(WorkorderController), '/var/www/amarta...', Array, true)
#14 /var/www/amarta/common/lib/yii/web/CController.php(869): CBaseController->renderFile('/var/www/amarta...', Array, true)
#15 /var/www/amarta/common/lib/yii/web/CController.php(782): CController->renderPartial('create', Array, true)
#16 /var/www/amarta/common/controllers/WorkorderController.php(326): CController->render('create', Array)
#17 /var/www/amarta/common/lib/yii/web/actions/CInlineAction.php(49): WorkorderController->actionCreate()
#18 /var/www/amarta/common/lib/yii/web/CController.php(308): CInlineAction->runWithParams(Array)
#19 /var/www/amarta/common/lib/yii/web/filters/CFilterChain.php(133): CController->runAction(Object(CInlineAction))
#20 /var/www/amarta/common/lib/yii/web/filters/CFilter.php(40): CFilterChain->run()
#21 /var/www/amarta/common/lib/yii/web/CController.php(1145): CFilter->filter(Object(CFilterChain))
#22 /var/www/amarta/common/lib/yii/web/filters/CInlineFilter.php(58): CController->filterAccessControl(Object(CFilterChain))
#23 /var/www/amarta/common/lib/yii/web/filters/CFilterChain.php(130): CInlineFilter->filter(Object(CFilterChain))
#24 /var/www/amarta/common/lib/yii/web/CController.php(291): CFilterChain->run()
#25 /var/www/amarta/common/lib/yii/web/CController.php(265): CController->runActionWithFilters(Object(CInlineAction), Array)
#26 /var/www/amarta/common/lib/yii/web/CWebApplication.php(282): CController->run('create')
#27 /var/www/amarta/common/lib/yii/web/CWebApplication.php(141): CWebApplication->runController('workorder/creat...')
#28 /var/www/amarta/common/lib/yii/base/CApplication.php(180): CWebApplication->processRequest()
#29 /var/www/amarta/index.php(13): CApplication->run()
#30 {main}
REQUEST_URI=/amarta/workorder/create.html
---
2015/11/25 12:34:44 [error] [php] Undefined property: stdClass::$type (/var/www/amarta/common/views/workorder/_workPartial.php:65)
Stack trace:
#0 /var/www/amarta/common/lib/yii/web/CBaseController.php(93): YiiDebugViewRenderer->renderFile()
#1 /var/www/amarta/common/lib/yii/web/CController.php(869): WorkorderController->renderFile()
#2 /var/www/amarta/common/views/workorder/_form.php(209): WorkorderController->renderPartial()
#3 /var/www/amarta/common/lib/yii/web/CBaseController.php(126): require()
#4 /var/www/amarta/common/extensions/yii-debug-toolbar/YiiDebugViewRenderer.php(40): WorkorderController->renderInternal()
#5 /var/www/amarta/common/lib/yii/web/CBaseController.php(93): YiiDebugViewRenderer->renderFile()
#6 /var/www/amarta/common/lib/yii/web/CController.php(869): WorkorderController->renderFile()
#7 /var/www/amarta/common/views/workorder/update.php(33): WorkorderController->renderPartial()
#8 /var/www/amarta/common/lib/yii/web/CBaseController.php(126): require()
#9 /var/www/amarta/common/extensions/yii-debug-toolbar/YiiDebugViewRenderer.php(40): WorkorderController->renderInternal()
#10 /var/www/amarta/common/lib/yii/web/CBaseController.php(93): YiiDebugViewRenderer->renderFile()
#11 /var/www/amarta/common/lib/yii/web/CController.php(869): WorkorderController->renderFile()
#12 /var/www/amarta/common/lib/yii/web/CController.php(782): WorkorderController->renderPartial()
#13 /var/www/amarta/common/controllers/WorkorderController.php(395): WorkorderController->render()
#14 /var/www/amarta/common/controllers/WorkorderController.php(71): WorkorderController->actionUpdate()
#15 unknown(0): WorkorderController->actionView()
#16 /var/www/amarta/common/lib/yii/web/actions/CAction.php(108): ReflectionMethod->invokeArgs()
#17 /var/www/amarta/common/lib/yii/web/actions/CInlineAction.php(47): CInlineAction->runWithParamsInternal()
#18 /var/www/amarta/common/lib/yii/web/CController.php(308): CInlineAction->runWithParams()
#19 /var/www/amarta/common/lib/yii/web/filters/CFilterChain.php(133): WorkorderController->runAction()
#20 /var/www/amarta/common/lib/yii/web/filters/CFilter.php(40): CFilterChain->run()
#21 /var/www/amarta/common/lib/yii/web/CController.php(1145): CAccessControlFilter->filter()
#22 /var/www/amarta/common/lib/yii/web/filters/CInlineFilter.php(58): WorkorderController->filterAccessControl()
#23 /var/www/amarta/common/lib/yii/web/filters/CFilterChain.php(130): CInlineFilter->filter()
#24 /var/www/amarta/common/lib/yii/web/CController.php(291): CFilterChain->run()
#25 /var/www/amarta/common/lib/yii/web/CController.php(265): WorkorderController->runActionWithFilters()
#26 /var/www/amarta/common/lib/yii/web/CWebApplication.php(282): WorkorderController->run()
#27 /var/www/amarta/common/lib/yii/web/CWebApplication.php(141): CWebApplication->runController()
#28 /var/www/amarta/common/lib/yii/base/CApplication.php(180): CWebApplication->processRequest()
#29 /var/www/amarta/index.php(13): CWebApplication->run()
REQUEST_URI=/amarta/workorder/37.html
2015/11/25 12:34:46 [error] [php] Undefined property: stdClass::$type (/var/www/amarta/common/views/workorder/_workPartial.php:65)
Stack trace:
#0 /var/www/amarta/common/lib/yii/web/CBaseController.php(93): YiiDebugViewRenderer->renderFile()
#1 /var/www/amarta/common/lib/yii/web/CController.php(869): WorkorderController->renderFile()
#2 /var/www/amarta/common/views/workorder/_form.php(209): WorkorderController->renderPartial()
#3 /var/www/amarta/common/lib/yii/web/CBaseController.php(126): require()
#4 /var/www/amarta/common/extensions/yii-debug-toolbar/YiiDebugViewRenderer.php(40): WorkorderController->renderInternal()
#5 /var/www/amarta/common/lib/yii/web/CBaseController.php(93): YiiDebugViewRenderer->renderFile()
#6 /var/www/amarta/common/lib/yii/web/CController.php(869): WorkorderController->renderFile()
#7 /var/www/amarta/common/views/workorder/update.php(33): WorkorderController->renderPartial()
#8 /var/www/amarta/common/lib/yii/web/CBaseController.php(126): require()
#9 /var/www/amarta/common/extensions/yii-debug-toolbar/YiiDebugViewRenderer.php(40): WorkorderController->renderInternal()
#10 /var/www/amarta/common/lib/yii/web/CBaseController.php(93): YiiDebugViewRenderer->renderFile()
#11 /var/www/amarta/common/lib/yii/web/CController.php(869): WorkorderController->renderFile()
#12 /var/www/amarta/common/lib/yii/web/CController.php(782): WorkorderController->renderPartial()
#13 /var/www/amarta/common/controllers/WorkorderController.php(395): WorkorderController->render()
#14 /var/www/amarta/common/controllers/WorkorderController.php(71): WorkorderController->actionUpdate()
#15 unknown(0): WorkorderController->actionView()
#16 /var/www/amarta/common/lib/yii/web/actions/CAction.php(108): ReflectionMethod->invokeArgs()
#17 /var/www/amarta/common/lib/yii/web/actions/CInlineAction.php(47): CInlineAction->runWithParamsInternal()
#18 /var/www/amarta/common/lib/yii/web/CController.php(308): CInlineAction->runWithParams()
#19 /var/www/amarta/common/lib/yii/web/filters/CFilterChain.php(133): WorkorderController->runAction()
#20 /var/www/amarta/common/lib/yii/web/filters/CFilter.php(40): CFilterChain->run()
#21 /var/www/amarta/common/lib/yii/web/CController.php(1145): CAccessControlFilter->filter()
#22 /var/www/amarta/common/lib/yii/web/filters/CInlineFilter.php(58): WorkorderController->filterAccessControl()
#23 /var/www/amarta/common/lib/yii/web/filters/CFilterChain.php(130): CInlineFilter->filter()
#24 /var/www/amarta/common/lib/yii/web/CController.php(291): CFilterChain->run()
#25 /var/www/amarta/common/lib/yii/web/CController.php(265): WorkorderController->runActionWithFilters()
#26 /var/www/amarta/common/lib/yii/web/CWebApplication.php(282): WorkorderController->run()
#27 /var/www/amarta/common/lib/yii/web/CWebApplication.php(141): CWebApplication->runController()
#28 /var/www/amarta/common/lib/yii/base/CApplication.php(180): CWebApplication->processRequest()
#29 /var/www/amarta/index.php(13): CWebApplication->run()
REQUEST_URI=/amarta/workorder/37.html
2015/11/25 12:35:00 [error] [php] Undefined property: stdClass::$type (/var/www/amarta/common/views/workorder/_workPartial.php:65)
Stack trace:
#0 /var/www/amarta/common/lib/yii/web/CBaseController.php(93): YiiDebugViewRenderer->renderFile()
#1 /var/www/amarta/common/lib/yii/web/CController.php(869): WorkorderController->renderFile()
#2 /var/www/amarta/common/views/workorder/_form.php(209): WorkorderController->renderPartial()
#3 /var/www/amarta/common/lib/yii/web/CBaseController.php(126): require()
#4 /var/www/amarta/common/extensions/yii-debug-toolbar/YiiDebugViewRenderer.php(40): WorkorderController->renderInternal()
#5 /var/www/amarta/common/lib/yii/web/CBaseController.php(93): YiiDebugViewRenderer->renderFile()
#6 /var/www/amarta/common/lib/yii/web/CController.php(869): WorkorderController->renderFile()
#7 /var/www/amarta/common/views/workorder/update.php(33): WorkorderController->renderPartial()
#8 /var/www/amarta/common/lib/yii/web/CBaseController.php(126): require()
#9 /var/www/amarta/common/extensions/yii-debug-toolbar/YiiDebugViewRenderer.php(40): WorkorderController->renderInternal()
#10 /var/www/amarta/common/lib/yii/web/CBaseController.php(93): YiiDebugViewRenderer->renderFile()
#11 /var/www/amarta/common/lib/yii/web/CController.php(869): WorkorderController->renderFile()
#12 /var/www/amarta/common/lib/yii/web/CController.php(782): WorkorderController->renderPartial()
#13 /var/www/amarta/common/controllers/WorkorderController.php(395): WorkorderController->render()
#14 /var/www/amarta/common/controllers/WorkorderController.php(71): WorkorderController->actionUpdate()
#15 unknown(0): WorkorderController->actionView()
#16 /var/www/amarta/common/lib/yii/web/actions/CAction.php(108): ReflectionMethod->invokeArgs()
#17 /var/www/amarta/common/lib/yii/web/actions/CInlineAction.php(47): CInlineAction->runWithParamsInternal()
#18 /var/www/amarta/common/lib/yii/web/CController.php(308): CInlineAction->runWithParams()
#19 /var/www/amarta/common/lib/yii/web/filters/CFilterChain.php(133): WorkorderController->runAction()
#20 /var/www/amarta/common/lib/yii/web/filters/CFilter.php(40): CFilterChain->run()
#21 /var/www/amarta/common/lib/yii/web/CController.php(1145): CAccessControlFilter->filter()
#22 /var/www/amarta/common/lib/yii/web/filters/CInlineFilter.php(58): WorkorderController->filterAccessControl()
#23 /var/www/amarta/common/lib/yii/web/filters/CFilterChain.php(130): CInlineFilter->filter()
#24 /var/www/amarta/common/lib/yii/web/CController.php(291): CFilterChain->run()
#25 /var/www/amarta/common/lib/yii/web/CController.php(265): WorkorderController->runActionWithFilters()
#26 /var/www/amarta/common/lib/yii/web/CWebApplication.php(282): WorkorderController->run()
#27 /var/www/amarta/common/lib/yii/web/CWebApplication.php(141): CWebApplication->runController()
#28 /var/www/amarta/common/lib/yii/base/CApplication.php(180): CWebApplication->processRequest()
#29 /var/www/amarta/index.php(13): CWebApplication->run()
REQUEST_URI=/amarta/workorder/37.html
in /var/www/amarta/common/views/workorder/_workPartial.php (65)
in /var/www/amarta/common/extensions/yii-debug-toolbar/YiiDebugViewRenderer.php (40)
in /var/www/amarta/common/views/workorder/_form.php (209)
2015/11/25 12:35:24 [error] [php] Undefined property: stdClass::$type (/var/www/amarta/common/views/workorder/_workPartial.php:72)
Stack trace:
#0 /var/www/amarta/common/lib/yii/web/CBaseController.php(93): YiiDebugViewRenderer->renderFile()
#1 /var/www/amarta/common/lib/yii/web/CController.php(869): WorkorderController->renderFile()
#2 /var/www/amarta/common/views/workorder/_form.php(209): WorkorderController->renderPartial()
#3 /var/www/amarta/common/lib/yii/web/CBaseController.php(126): require()
#4 /var/www/amarta/common/extensions/yii-debug-toolbar/YiiDebugViewRenderer.php(40): WorkorderController->renderInternal()
#5 /var/www/amarta/common/lib/yii/web/CBaseController.php(93): YiiDebugViewRenderer->renderFile()
#6 /var/www/amarta/common/lib/yii/web/CController.php(869): WorkorderController->renderFile()
#7 /var/www/amarta/common/views/workorder/update.php(33): WorkorderController->renderPartial()
#8 /var/www/amarta/common/lib/yii/web/CBaseController.php(126): require()
#9 /var/www/amarta/common/extensions/yii-debug-toolbar/YiiDebugViewRenderer.php(40): WorkorderController->renderInternal()
#10 /var/www/amarta/common/lib/yii/web/CBaseController.php(93): YiiDebugViewRenderer->renderFile()
#11 /var/www/amarta/common/lib/yii/web/CController.php(869): WorkorderController->renderFile()
#12 /var/www/amarta/common/lib/yii/web/CController.php(782): WorkorderController->renderPartial()
#13 /var/www/amarta/common/controllers/WorkorderController.php(395): WorkorderController->render()
#14 /var/www/amarta/common/controllers/WorkorderController.php(71): WorkorderController->actionUpdate()
#15 unknown(0): WorkorderController->actionView()
#16 /var/www/amarta/common/lib/yii/web/actions/CAction.php(108): ReflectionMethod->invokeArgs()
#17 /var/www/amarta/common/lib/yii/web/actions/CInlineAction.php(47): CInlineAction->runWithParamsInternal()
#18 /var/www/amarta/common/lib/yii/web/CController.php(308): CInlineAction->runWithParams()
#19 /var/www/amarta/common/lib/yii/web/filters/CFilterChain.php(133): WorkorderController->runAction()
#20 /var/www/amarta/common/lib/yii/web/filters/CFilter.php(40): CFilterChain->run()
#21 /var/www/amarta/common/lib/yii/web/CController.php(1145): CAccessControlFilter->filter()
#22 /var/www/amarta/common/lib/yii/web/filters/CInlineFilter.php(58): WorkorderController->filterAccessControl()
#23 /var/www/amarta/common/lib/yii/web/filters/CFilterChain.php(130): CInlineFilter->filter()
#24 /var/www/amarta/common/lib/yii/web/CController.php(291): CFilterChain->run()
#25 /var/www/amarta/common/lib/yii/web/CController.php(265): WorkorderController->runActionWithFilters()
#26 /var/www/amarta/common/lib/yii/web/CWebApplication.php(282): WorkorderController->run()
#27 /var/www/amarta/common/lib/yii/web/CWebApplication.php(141): CWebApplication->runController()
#28 /var/www/amarta/common/lib/yii/base/CApplication.php(180): CWebApplication->processRequest()
#29 /var/www/amarta/index.php(13): CWebApplication->run()
REQUEST_URI=/amarta/workorder/37.html
in /var/www/amarta/common/views/workorder/_workPartial.php (72)
in /var/www/amarta/common/extensions/yii-debug-toolbar/YiiDebugViewRenderer.php (40)
in /var/www/amarta/common/views/workorder/_form.php (209)
