2015/05/07 17:24:58 [error] [exception.CHttpException.404] exception 'CHttpException' with message 'Unable to resolve the request "images/site/1-700x700-cv-amarta-wisesa.jpg".' in /var/www/html/asrul/amarta/common/lib/yii/web/CWebApplication.php:286
Stack trace:
#0 /var/www/html/asrul/amarta/common/lib/yii/web/CWebApplication.php(141): CWebApplication->runController('images/site/1-7...')
#1 /var/www/html/asrul/amarta/common/lib/yii/base/CApplication.php(180): CWebApplication->processRequest()
#2 /var/www/html/asrul/amarta/amarta/www/sys/index.php(16): CApplication->run()
#3 {main}
REQUEST_URI=/asrul/amarta/amarta/www/sys/images/site/1-700x700-cv-amarta-wisesa.jpg
HTTP_REFERER=http://localhost/asrul/amarta/amarta/www/sys/
---
2015/05/07 17:25:05 [error] [exception.CException] exception 'CException' with message 'Property "WorkorderProcess.SPK" is not defined.' in /var/www/html/asrul/amarta/common/lib/yii/base/CComponent.php:130
Stack trace:
#0 /var/www/html/asrul/amarta/common/lib/yii/db/ar/CActiveRecord.php(145): CComponent->__get('SPK')
#1 /var/www/html/asrul/amarta/amarta/views/salaryOut/_salaryDetail.php(88): CActiveRecord->__get('SPK')
#2 /var/www/html/asrul/amarta/common/lib/yii/web/CBaseController.php(126): require('/var/www/html/a...')
#3 /var/www/html/asrul/amarta/common/lib/yii/web/CBaseController.php(95): CBaseController->renderInternal('/var/www/html/a...', Array, true)
#4 /var/www/html/asrul/amarta/common/lib/yii/web/CController.php(869): CBaseController->renderFile('/var/www/html/a...', Array, true)
#5 /var/www/html/asrul/amarta/amarta/controllers/SalaryOutController.php(85): CController->renderPartial('_salaryDetail', Array)
#6 /var/www/html/asrul/amarta/common/lib/yii/web/actions/CInlineAction.php(49): SalaryOutController->actionDetail()
#7 /var/www/html/asrul/amarta/common/lib/yii/web/CController.php(308): CInlineAction->runWithParams(Array)
#8 /var/www/html/asrul/amarta/common/lib/yii/web/filters/CFilterChain.php(133): CController->runAction(Object(CInlineAction))
#9 /var/www/html/asrul/amarta/common/lib/yii/web/filters/CFilter.php(40): CFilterChain->run()
#10 /var/www/html/asrul/amarta/common/lib/yii/web/CController.php(1145): CFilter->filter(Object(CFilterChain))
#11 /var/www/html/asrul/amarta/common/lib/yii/web/filters/CInlineFilter.php(58): CController->filterAccessControl(Object(CFilterChain))
#12 /var/www/html/asrul/amarta/common/lib/yii/web/filters/CFilterChain.php(130): CInlineFilter->filter(Object(CFilterChain))
#13 /var/www/html/asrul/amarta/common/lib/yii/web/CController.php(291): CFilterChain->run()
#14 /var/www/html/asrul/amarta/common/lib/yii/web/CController.php(265): CController->runActionWithFilters(Object(CInlineAction), Array)
#15 /var/www/html/asrul/amarta/common/lib/yii/web/CWebApplication.php(282): CController->run('detail')
#16 /var/www/html/asrul/amarta/common/lib/yii/web/CWebApplication.php(141): CWebApplication->runController('salaryOut/detai...')
#17 /var/www/html/asrul/amarta/common/lib/yii/base/CApplication.php(180): CWebApplication->processRequest()
#18 /var/www/html/asrul/amarta/amarta/www/sys/index.php(16): CApplication->run()
#19 {main}
REQUEST_URI=/asrul/amarta/amarta/www/sys/salaryOut/detail.html
HTTP_REFERER=http://localhost/asrul/amarta/amarta/www/sys/salaryOut/create.html
---
2015/05/08 02:22:48 [error] [exception.CHttpException.404] exception 'CHttpException' with message 'The system is unable to find the requested action "images".' in /var/www/html/asrul/amarta/common/lib/yii/web/CController.php:483
Stack trace:
#0 /var/www/html/asrul/amarta/common/lib/yii/web/CController.php(270): CController->missingAction('images')
#1 /var/www/html/asrul/amarta/common/lib/yii/web/CWebApplication.php(282): CController->run('images')
#2 /var/www/html/asrul/amarta/common/lib/yii/web/CWebApplication.php(141): CWebApplication->runController('site/images/fav...')
#3 /var/www/html/asrul/amarta/common/lib/yii/base/CApplication.php(180): CWebApplication->processRequest()
#4 /var/www/html/asrul/amarta/amarta/www/sys/index.php(16): CApplication->run()
#5 {main}
REQUEST_URI=/asrul/amarta/amarta/www/sys/site/images/favicon.ico
---
2015/05/08 02:22:57 [error] [exception.CHttpException.404] exception 'CHttpException' with message 'Unable to resolve the request "images/site/1-700x700-cv-amarta-wisesa.jpg".' in /var/www/html/asrul/amarta/common/lib/yii/web/CWebApplication.php:286
Stack trace:
#0 /var/www/html/asrul/amarta/common/lib/yii/web/CWebApplication.php(141): CWebApplication->runController('images/site/1-7...')
#1 /var/www/html/asrul/amarta/common/lib/yii/base/CApplication.php(180): CWebApplication->processRequest()
#2 /var/www/html/asrul/amarta/amarta/www/sys/index.php(16): CApplication->run()
#3 {main}
REQUEST_URI=/asrul/amarta/amarta/www/sys/images/site/1-700x700-cv-amarta-wisesa.jpg
HTTP_REFERER=http://localhost/asrul/amarta/amarta/www/sys/
---
2015/05/08 07:41:42 [error] [exception.CHttpException.404] exception 'CHttpException' with message 'The system is unable to find the requested action "images".' in /var/www/html/asrul/amarta/common/lib/yii/web/CController.php:483
Stack trace:
#0 /var/www/html/asrul/amarta/common/lib/yii/web/CController.php(270): CController->missingAction('images')
#1 /var/www/html/asrul/amarta/common/lib/yii/web/CWebApplication.php(282): CController->run('images')
#2 /var/www/html/asrul/amarta/common/lib/yii/web/CWebApplication.php(141): CWebApplication->runController('site/images/fav...')
#3 /var/www/html/asrul/amarta/common/lib/yii/base/CApplication.php(180): CWebApplication->processRequest()
#4 /var/www/html/asrul/amarta/amarta/www/sys/index.php(16): CApplication->run()
#5 {main}
REQUEST_URI=/asrul/amarta/amarta/www/sys/site/images/favicon.ico
---
2015/05/08 07:47:24 [error] [exception.CHttpException.404] exception 'CHttpException' with message 'Unable to resolve the request "images/site/1-700x700-cv-amarta-wisesa.jpg".' in /var/www/html/asrul/amarta/common/lib/yii/web/CWebApplication.php:286
Stack trace:
#0 /var/www/html/asrul/amarta/common/lib/yii/web/CWebApplication.php(141): CWebApplication->runController('images/site/1-7...')
#1 /var/www/html/asrul/amarta/common/lib/yii/base/CApplication.php(180): CWebApplication->processRequest()
#2 /var/www/html/asrul/amarta/amarta/www/sys/index.php(16): CApplication->run()
#3 {main}
REQUEST_URI=/asrul/amarta/amarta/www/sys/images/site/1-700x700-cv-amarta-wisesa.jpg
HTTP_REFERER=http://localhost/asrul/amarta/amarta/www/sys/
---
2015/05/08 14:04:31 [error] [exception.CHttpException.404] exception 'CHttpException' with message 'The system is unable to find the requested action "images".' in /var/www/html/asrul/amarta/common/lib/yii/web/CController.php:483
Stack trace:
#0 /var/www/html/asrul/amarta/common/lib/yii/web/CController.php(270): CController->missingAction('images')
#1 /var/www/html/asrul/amarta/common/lib/yii/web/CWebApplication.php(282): CController->run('images')
#2 /var/www/html/asrul/amarta/common/lib/yii/web/CWebApplication.php(141): CWebApplication->runController('site/images/fav...')
#3 /var/www/html/asrul/amarta/common/lib/yii/base/CApplication.php(180): CWebApplication->processRequest()
#4 /var/www/html/asrul/amarta/amarta/www/sys/index.php(16): CApplication->run()
#5 {main}
REQUEST_URI=/asrul/amarta/amarta/www/sys/site/images/favicon.ico
---
2015/05/08 14:04:39 [error] [exception.CHttpException.404] exception 'CHttpException' with message 'Unable to resolve the request "images/site/1-700x700-cv-amarta-wisesa.jpg".' in /var/www/html/asrul/amarta/common/lib/yii/web/CWebApplication.php:286
Stack trace:
#0 /var/www/html/asrul/amarta/common/lib/yii/web/CWebApplication.php(141): CWebApplication->runController('images/site/1-7...')
#1 /var/www/html/asrul/amarta/common/lib/yii/base/CApplication.php(180): CWebApplication->processRequest()
#2 /var/www/html/asrul/amarta/amarta/www/sys/index.php(16): CApplication->run()
#3 {main}
REQUEST_URI=/asrul/amarta/amarta/www/sys/images/site/1-700x700-cv-amarta-wisesa.jpg
HTTP_REFERER=http://localhost/asrul/amarta/amarta/www/sys/
---
2015/05/08 14:14:42 [error] [exception.CHttpException.404] exception 'CHttpException' with message 'The system is unable to find the requested action "images".' in /var/www/html/asrul/amarta/common/lib/yii/web/CController.php:483
Stack trace:
#0 /var/www/html/asrul/amarta/common/lib/yii/web/CController.php(270): CController->missingAction('images')
#1 /var/www/html/asrul/amarta/common/lib/yii/web/CWebApplication.php(282): CController->run('images')
#2 /var/www/html/asrul/amarta/common/lib/yii/web/CWebApplication.php(141): CWebApplication->runController('site/images/fav...')
#3 /var/www/html/asrul/amarta/common/lib/yii/base/CApplication.php(180): CWebApplication->processRequest()
#4 /var/www/html/asrul/amarta/amarta/www/sys/index.php(16): CApplication->run()
#5 {main}
REQUEST_URI=/asrul/amarta/amarta/www/sys/site/images/favicon.ico
---
2015/05/08 14:23:21 [error] [exception.CHttpException.404] exception 'CHttpException' with message 'Unable to resolve the request "images/site/1-700x700-cv-amarta-wisesa.jpg".' in /var/www/html/asrul/amarta/common/lib/yii/web/CWebApplication.php:286
Stack trace:
#0 /var/www/html/asrul/amarta/common/lib/yii/web/CWebApplication.php(141): CWebApplication->runController('images/site/1-7...')
#1 /var/www/html/asrul/amarta/common/lib/yii/base/CApplication.php(180): CWebApplication->processRequest()
#2 /var/www/html/asrul/amarta/amarta/www/sys/index.php(16): CApplication->run()
#3 {main}
REQUEST_URI=/asrul/amarta/amarta/www/sys/images/site/1-700x700-cv-amarta-wisesa.jpg
HTTP_REFERER=http://localhost/asrul/amarta/amarta/www/sys/
---
2015/05/08 18:22:15 [error] [exception.CHttpException.404] exception 'CHttpException' with message 'The system is unable to find the requested action "images".' in /var/www/html/asrul/amarta/common/lib/yii/web/CController.php:483
Stack trace:
#0 /var/www/html/asrul/amarta/common/lib/yii/web/CController.php(270): CController->missingAction('images')
#1 /var/www/html/asrul/amarta/common/lib/yii/web/CWebApplication.php(282): CController->run('images')
#2 /var/www/html/asrul/amarta/common/lib/yii/web/CWebApplication.php(141): CWebApplication->runController('site/images/fav...')
#3 /var/www/html/asrul/amarta/common/lib/yii/base/CApplication.php(180): CWebApplication->processRequest()
#4 /var/www/html/asrul/amarta/amarta/www/sys/index.php(16): CApplication->run()
#5 {main}
REQUEST_URI=/asrul/amarta/amarta/www/sys/site/images/favicon.ico
---
2015/05/08 18:22:32 [error] [exception.CHttpException.404] exception 'CHttpException' with message 'Unable to resolve the request "images/site/1-700x700-cv-amarta-wisesa.jpg".' in /var/www/html/asrul/amarta/common/lib/yii/web/CWebApplication.php:286
Stack trace:
#0 /var/www/html/asrul/amarta/common/lib/yii/web/CWebApplication.php(141): CWebApplication->runController('images/site/1-7...')
#1 /var/www/html/asrul/amarta/common/lib/yii/base/CApplication.php(180): CWebApplication->processRequest()
#2 /var/www/html/asrul/amarta/amarta/www/sys/index.php(16): CApplication->run()
#3 {main}
REQUEST_URI=/asrul/amarta/amarta/www/sys/images/site/1-700x700-cv-amarta-wisesa.jpg
HTTP_REFERER=http://localhost/asrul/amarta/amarta/www/sys/
---
2015/05/08 18:27:05 [error] [php] Undefined index: process_id (/var/www/html/asrul/amarta/amarta/controllers/WorkorderStatusController.php:85)
Stack trace:
#0 /var/www/html/asrul/amarta/common/lib/yii/web/filters/CFilterChain.php(133): WorkorderStatusController->runAction()
#1 /var/www/html/asrul/amarta/common/lib/yii/web/filters/CFilter.php(40): CFilterChain->run()
#2 /var/www/html/asrul/amarta/common/lib/yii/web/CController.php(1145): CAccessControlFilter->filter()
#3 /var/www/html/asrul/amarta/common/lib/yii/web/filters/CInlineFilter.php(58): WorkorderStatusController->filterAccessControl()
#4 /var/www/html/asrul/amarta/common/lib/yii/web/filters/CFilterChain.php(130): CInlineFilter->filter()
#5 /var/www/html/asrul/amarta/common/lib/yii/web/CController.php(291): CFilterChain->run()
#6 /var/www/html/asrul/amarta/common/lib/yii/web/CController.php(265): WorkorderStatusController->runActionWithFilters()
#7 /var/www/html/asrul/amarta/common/lib/yii/web/CWebApplication.php(282): WorkorderStatusController->run()
#8 /var/www/html/asrul/amarta/common/lib/yii/web/CWebApplication.php(141): CWebApplication->runController()
#9 /var/www/html/asrul/amarta/common/lib/yii/base/CApplication.php(180): CWebApplication->processRequest()
#10 /var/www/html/asrul/amarta/amarta/www/sys/index.php(16): CWebApplication->run()
REQUEST_URI=/asrul/amarta/amarta/www/sys/workorderStatus/create.html
in /var/www/html/asrul/amarta/amarta/controllers/WorkorderStatusController.php (85)
in /var/www/html/asrul/amarta/amarta/www/sys/index.php (16)
2015/05/08 18:27:11 [error] [php] Undefined index: process_id (/var/www/html/asrul/amarta/amarta/controllers/WorkorderStatusController.php:85)
Stack trace:
#0 /var/www/html/asrul/amarta/common/lib/yii/web/filters/CFilterChain.php(133): WorkorderStatusController->runAction()
#1 /var/www/html/asrul/amarta/common/lib/yii/web/filters/CFilter.php(40): CFilterChain->run()
#2 /var/www/html/asrul/amarta/common/lib/yii/web/CController.php(1145): CAccessControlFilter->filter()
#3 /var/www/html/asrul/amarta/common/lib/yii/web/filters/CInlineFilter.php(58): WorkorderStatusController->filterAccessControl()
#4 /var/www/html/asrul/amarta/common/lib/yii/web/filters/CFilterChain.php(130): CInlineFilter->filter()
#5 /var/www/html/asrul/amarta/common/lib/yii/web/CController.php(291): CFilterChain->run()
#6 /var/www/html/asrul/amarta/common/lib/yii/web/CController.php(265): WorkorderStatusController->runActionWithFilters()
#7 /var/www/html/asrul/amarta/common/lib/yii/web/CWebApplication.php(282): WorkorderStatusController->run()
#8 /var/www/html/asrul/amarta/common/lib/yii/web/CWebApplication.php(141): CWebApplication->runController()
#9 /var/www/html/asrul/amarta/common/lib/yii/base/CApplication.php(180): CWebApplication->processRequest()
#10 /var/www/html/asrul/amarta/amarta/www/sys/index.php(16): CWebApplication->run()
REQUEST_URI=/asrul/amarta/amarta/www/sys/workorderStatus/create.html
in /var/www/html/asrul/amarta/amarta/controllers/WorkorderStatusController.php (85)
in /var/www/html/asrul/amarta/amarta/www/sys/index.php (16)
2015/05/08 18:27:50 [error] [php] Undefined index: process_id (/var/www/html/asrul/amarta/amarta/controllers/WorkorderStatusController.php:85)
Stack trace:
#0 /var/www/html/asrul/amarta/common/lib/yii/web/filters/CFilterChain.php(133): WorkorderStatusController->runAction()
#1 /var/www/html/asrul/amarta/common/lib/yii/web/filters/CFilter.php(40): CFilterChain->run()
#2 /var/www/html/asrul/amarta/common/lib/yii/web/CController.php(1145): CAccessControlFilter->filter()
#3 /var/www/html/asrul/amarta/common/lib/yii/web/filters/CInlineFilter.php(58): WorkorderStatusController->filterAccessControl()
#4 /var/www/html/asrul/amarta/common/lib/yii/web/filters/CFilterChain.php(130): CInlineFilter->filter()
#5 /var/www/html/asrul/amarta/common/lib/yii/web/CController.php(291): CFilterChain->run()
#6 /var/www/html/asrul/amarta/common/lib/yii/web/CController.php(265): WorkorderStatusController->runActionWithFilters()
#7 /var/www/html/asrul/amarta/common/lib/yii/web/CWebApplication.php(282): WorkorderStatusController->run()
#8 /var/www/html/asrul/amarta/common/lib/yii/web/CWebApplication.php(141): CWebApplication->runController()
#9 /var/www/html/asrul/amarta/common/lib/yii/base/CApplication.php(180): CWebApplication->processRequest()
#10 /var/www/html/asrul/amarta/amarta/www/sys/index.php(16): CWebApplication->run()
REQUEST_URI=/asrul/amarta/amarta/www/sys/workorderStatus/create.html
in /var/www/html/asrul/amarta/amarta/controllers/WorkorderStatusController.php (85)
in /var/www/html/asrul/amarta/amarta/www/sys/index.php (16)
2015/05/08 18:28:06 [error] [php] Undefined index: process_id (/var/www/html/asrul/amarta/amarta/controllers/WorkorderStatusController.php:85)
Stack trace:
#0 /var/www/html/asrul/amarta/common/lib/yii/web/filters/CFilterChain.php(133): WorkorderStatusController->runAction()
#1 /var/www/html/asrul/amarta/common/lib/yii/web/filters/CFilter.php(40): CFilterChain->run()
#2 /var/www/html/asrul/amarta/common/lib/yii/web/CController.php(1145): CAccessControlFilter->filter()
#3 /var/www/html/asrul/amarta/common/lib/yii/web/filters/CInlineFilter.php(58): WorkorderStatusController->filterAccessControl()
#4 /var/www/html/asrul/amarta/common/lib/yii/web/filters/CFilterChain.php(130): CInlineFilter->filter()
#5 /var/www/html/asrul/amarta/common/lib/yii/web/CController.php(291): CFilterChain->run()
#6 /var/www/html/asrul/amarta/common/lib/yii/web/CController.php(265): WorkorderStatusController->runActionWithFilters()
#7 /var/www/html/asrul/amarta/common/lib/yii/web/CWebApplication.php(282): WorkorderStatusController->run()
#8 /var/www/html/asrul/amarta/common/lib/yii/web/CWebApplication.php(141): CWebApplication->runController()
#9 /var/www/html/asrul/amarta/common/lib/yii/base/CApplication.php(180): CWebApplication->processRequest()
#10 /var/www/html/asrul/amarta/amarta/www/sys/index.php(16): CWebApplication->run()
REQUEST_URI=/asrul/amarta/amarta/www/sys/workorderStatus/create.html
in /var/www/html/asrul/amarta/amarta/controllers/WorkorderStatusController.php (85)
in /var/www/html/asrul/amarta/amarta/www/sys/index.php (16)
2015/05/08 18:34:29 [error] [exception.CHttpException.400] exception 'CHttpException' with message 'WARNING!! Minimal mengambil satu Proses Produksi!' in /var/www/html/asrul/amarta/amarta/controllers/WorkorderStatusController.php:105
Stack trace:
#0 /var/www/html/asrul/amarta/common/lib/yii/web/actions/CInlineAction.php(49): WorkorderStatusController->actionCreate()
#1 /var/www/html/asrul/amarta/common/lib/yii/web/CController.php(308): CInlineAction->runWithParams(Array)
#2 /var/www/html/asrul/amarta/common/lib/yii/web/filters/CFilterChain.php(133): CController->runAction(Object(CInlineAction))
#3 /var/www/html/asrul/amarta/common/lib/yii/web/filters/CFilter.php(40): CFilterChain->run()
#4 /var/www/html/asrul/amarta/common/lib/yii/web/CController.php(1145): CFilter->filter(Object(CFilterChain))
#5 /var/www/html/asrul/amarta/common/lib/yii/web/filters/CInlineFilter.php(58): CController->filterAccessControl(Object(CFilterChain))
#6 /var/www/html/asrul/amarta/common/lib/yii/web/filters/CFilterChain.php(130): CInlineFilter->filter(Object(CFilterChain))
#7 /var/www/html/asrul/amarta/common/lib/yii/web/CController.php(291): CFilterChain->run()
#8 /var/www/html/asrul/amarta/common/lib/yii/web/CController.php(265): CController->runActionWithFilters(Object(CInlineAction), Array)
#9 /var/www/html/asrul/amarta/common/lib/yii/web/CWebApplication.php(282): CController->run('create')
#10 /var/www/html/asrul/amarta/common/lib/yii/web/CWebApplication.php(141): CWebApplication->runController('workorderStatus...')
#11 /var/www/html/asrul/amarta/common/lib/yii/base/CApplication.php(180): CWebApplication->processRequest()
#12 /var/www/html/asrul/amarta/amarta/www/sys/index.php(16): CApplication->run()
#13 {main}
REQUEST_URI=/asrul/amarta/amarta/www/sys/workorderStatus/create.html
HTTP_REFERER=http://localhost/asrul/amarta/amarta/www/sys/workorderStatus/create.html
---
2015/05/08 18:34:29 [error] [exception.CHttpException.404] exception 'CHttpException' with message 'The system is unable to find the requested action "images".' in /var/www/html/asrul/amarta/common/lib/yii/web/CController.php:483
Stack trace:
#0 /var/www/html/asrul/amarta/common/lib/yii/web/CController.php(270): CController->missingAction('images')
#1 /var/www/html/asrul/amarta/common/lib/yii/web/CWebApplication.php(282): CController->run('images')
#2 /var/www/html/asrul/amarta/common/lib/yii/web/CWebApplication.php(141): CWebApplication->runController('workorderStatus...')
#3 /var/www/html/asrul/amarta/common/lib/yii/base/CApplication.php(180): CWebApplication->processRequest()
#4 /var/www/html/asrul/amarta/amarta/www/sys/index.php(16): CApplication->run()
#5 {main}
REQUEST_URI=/asrul/amarta/amarta/www/sys/workorderStatus/images/favicon.ico
---
2015/05/08 18:35:00 [error] [exception.CHttpException.400] exception 'CHttpException' with message 'WARNING!! Minimal mengambil satu Proses Produksi!' in /var/www/html/asrul/amarta/amarta/controllers/WorkorderStatusController.php:105
Stack trace:
#0 /var/www/html/asrul/amarta/common/lib/yii/web/actions/CInlineAction.php(49): WorkorderStatusController->actionCreate()
#1 /var/www/html/asrul/amarta/common/lib/yii/web/CController.php(308): CInlineAction->runWithParams(Array)
#2 /var/www/html/asrul/amarta/common/lib/yii/web/filters/CFilterChain.php(133): CController->runAction(Object(CInlineAction))
#3 /var/www/html/asrul/amarta/common/lib/yii/web/filters/CFilter.php(40): CFilterChain->run()
#4 /var/www/html/asrul/amarta/common/lib/yii/web/CController.php(1145): CFilter->filter(Object(CFilterChain))
#5 /var/www/html/asrul/amarta/common/lib/yii/web/filters/CInlineFilter.php(58): CController->filterAccessControl(Object(CFilterChain))
#6 /var/www/html/asrul/amarta/common/lib/yii/web/filters/CFilterChain.php(130): CInlineFilter->filter(Object(CFilterChain))
#7 /var/www/html/asrul/amarta/common/lib/yii/web/CController.php(291): CFilterChain->run()
#8 /var/www/html/asrul/amarta/common/lib/yii/web/CController.php(265): CController->runActionWithFilters(Object(CInlineAction), Array)
#9 /var/www/html/asrul/amarta/common/lib/yii/web/CWebApplication.php(282): CController->run('create')
#10 /var/www/html/asrul/amarta/common/lib/yii/web/CWebApplication.php(141): CWebApplication->runController('workorderStatus...')
#11 /var/www/html/asrul/amarta/common/lib/yii/base/CApplication.php(180): CWebApplication->processRequest()
#12 /var/www/html/asrul/amarta/amarta/www/sys/index.php(16): CApplication->run()
#13 {main}
REQUEST_URI=/asrul/amarta/amarta/www/sys/workorderStatus/create.html
HTTP_REFERER=http://localhost/asrul/amarta/amarta/www/sys/workorderStatus/create.html
---
